[16Jan2025 00:00:02.961] [Server thread/INFO] [net.minecraft.server.MinecraftServer/]: [Not Secure] <[Duchess] yamazaki> waht
[16Jan2025 00:00:06.512] [Server thread/INFO] [net.minecraft.server.MinecraftServer/]: [iLG4: Set own game mode to Survival Mode]
[16Jan2025 00:00:12.601] [Server thread/INFO] [net.minecraft.world.entity.LivingEntity/]: Named entity VampireMinionEntity['Minion'/4463, l='ServerLevel[world]', x=-219.50, y=3.00, z=-1276.50] died: Minion was doomed to fall by [Duchess] yamazaki
[16Jan2025 00:00:16.029] [Server thread/INFO] [net.minecraft.server.MinecraftServer/]: [[Duchess] yamazaki: Set own game mode to Creative Mode]
[16Jan2025 00:00:16.861] [Server thread/INFO] [net.minecraft.server.MinecraftServer/]: [iLG4: Set own game mode to Spectator Mode]
[16Jan2025 00:00:17.408] [Server thread/INFO] [net.minecraft.world.entity.LivingEntity/]: Named entity VampireMinionEntity['alvarito'/4462, l='ServerLevel[world]', x=-218.03, y=-180.22, z=-1278.99] died: alvarito didn't want to live in the same world as [Duchess] yamazaki
[16Jan2025 00:00:19.540] [Server thread/INFO] [net.minecraft.server.MinecraftServer/]: [[Duchess] yamazaki: Set own game mode to Spectator Mode]
[16Jan2025 00:00:21.511] [Server thread/INFO] [net.minecraft.server.MinecraftServer/]: [Not Secure] <iLG4> WTF
[16Jan2025 00:00:22.502] [Server thread/INFO] [net.minecraft.server.MinecraftServer/]: [iLG4: Set own game mode to Survival Mode]
[16Jan2025 00:00:24.885] [Server thread/INFO] [net.minecraft.server.MinecraftServer/]: [iLG4: Set own game mode to Spectator Mode]
[16Jan2025 00:00:26.702] [Server thread/INFO] [net.minecraft.server.MinecraftServer/]: [[Duchess] yamazaki: Set own game mode to Survival Mode]
[16Jan2025 00:00:37.056] [Server thread/INFO] [net.minecraft.server.MinecraftServer/]: [iLG4: Set own game mode to Survival Mode]
[16Jan2025 00:01:21.308] [Server thread/INFO] [net.minecraft.server.MinecraftServer/]: [[Duchess] yamazaki: Set own game mode to Spectator Mode]
[16Jan2025 00:01:23.737] [Server thread/INFO] [net.minecraft.server.MinecraftServer/]: [[Duchess] yamazaki: Set own game mode to Survival Mode]
[16Jan2025 00:01:24.387] [Server thread/INFO] [net.minecraft.server.MinecraftServer/]: [Not Secure] <iLG4> XD
[16Jan2025 00:01:35.757] [Server thread/INFO] [net.minecraft.server.MinecraftServer/]: [[Duchess] yamazaki: Set own game mode to Spectator Mode]
[16Jan2025 00:01:41.276] [Server thread/INFO] [net.minecraft.server.MinecraftServer/]: [[Duchess] yamazaki: Set own game mode to Survival Mode]
[16Jan2025 00:02:20.630] [Server thread/INFO] [net.minecraft.server.MinecraftServer/]: [iLG4: Set own game mode to Spectator Mode]
[16Jan2025 00:02:31.093] [Server thread/INFO] [net.minecraft.server.MinecraftServer/]: [[Duchess] yamazaki: Set own game mode to Spectator Mode]
[16Jan2025 00:02:34.314] [Server thread/INFO] [net.minecraft.server.MinecraftServer/]: [iLG4: Set own game mode to Survival Mode]
[16Jan2025 00:02:36.314] [Server thread/INFO] [net.minecraft.server.MinecraftServer/]: [Not Secure] <iLG4> amonos
[16Jan2025 00:02:37.192] [Server thread/WARN] [waterframes/]: Server seems overloading, jumping 2376ms or 47 ticks
[16Jan2025 00:02:42.205] [Server thread/INFO] [net.minecraft.server.MinecraftServer/]: [Not Secure] <[Duchess] yamazaki> onde
[16Jan2025 00:02:46.355] [Server thread/INFO] [net.minecraft.server.MinecraftServer/]: [Not Secure] <iLG4> nose
[16Jan2025 00:02:58.972] [Server thread/INFO] [net.minecraft.server.MinecraftServer/]: [[Duchess] yamazaki: Set own game mode to Survival Mode]
[16Jan2025 00:03:11.925] [Server thread/INFO] [net.minecraft.server.MinecraftServer/]: [Not Secure] <iLG4> mire
[16Jan2025 00:03:25.838] [Server thread/INFO] [net.minecraft.server.MinecraftServer/]: [[Duchess] yamazaki: Teleported [Duchess] yamazaki to iLG4]
[16Jan2025 00:03:26.146] [Server thread/INFO] [net.minecraft.server.MinecraftServer/]: [Not Secure] <iLG4> aqui
[16Jan2025 00:03:46.313] [Server thread/INFO] [net.minecraft.server.MinecraftServer/]: [[Duchess] yamazaki: Teleported [Duchess] yamazaki to iLG4]
[16Jan2025 00:05:05.788] [Server thread/INFO] [net.minecraft.server.MinecraftServer/]: [[Duchess] yamazaki: Teleported [Duchess] yamazaki to iLG4]
[16Jan2025 00:05:12.168] [Server thread/INFO] [net.minecraft.server.MinecraftServer/]: [Not Secure] <iLG4> pense q habian mas biomas o asi
[16Jan2025 00:05:12.725] [Server thread/INFO] [net.minecraft.server.MinecraftServer/]: [[Duchess] yamazaki: Teleported [Duchess] yamazaki to iLG4]
[16Jan2025 00:05:16.305] [Server thread/INFO] [net.minecraft.server.MinecraftServer/]: [Not Secure] <iLG4> hay un pack de mods
[16Jan2025 00:05:16.912] [Server thread/INFO] [net.minecraft.server.MinecraftServer/]: [Not Secure] <[Duchess] yamazaki> debe a ver
[16Jan2025 00:05:18.929] [Server thread/INFO] [net.minecraft.server.MinecraftServer/]: [Not Secure] <iLG4> re completo
[16Jan2025 00:05:22.670] [Server thread/INFO] [net.minecraft.server.MinecraftServer/]: [Not Secure] <iLG4> q cambia todo
[16Jan2025 00:06:00.686] [Server thread/INFO] [net.minecraft.server.MinecraftServer/]: [[Duchess] yamazaki: Teleported [Duchess] yamazaki to iLG4]
[16Jan2025 00:06:25.008] [Server thread/INFO] [net.minecraft.server.MinecraftServer/]: iLG4 has reached the goal [Sky's the Limit]
[16Jan2025 00:06:26.443] [Server thread/INFO] [net.minecraft.server.MinecraftServer/]: [[Duchess] yamazaki: Set own game mode to Spectator Mode]
[16Jan2025 00:06:35.094] [Server thread/INFO] [net.minecraft.server.MinecraftServer/]: [[Duchess] yamazaki: Set own game mode to Survival Mode]
[16Jan2025 00:06:46.918] [Server thread/INFO] [net.minecraft.server.MinecraftServer/]: [[Duchess] yamazaki: Set own game mode to Spectator Mode]
[16Jan2025 00:06:52.992] [Server thread/INFO] [net.minecraft.server.MinecraftServer/]: [Not Secure] <iLG4> pegame
[16Jan2025 00:06:57.176] [Server thread/INFO] [net.minecraft.server.MinecraftServer/]: [[Duchess] yamazaki: Set own game mode to Survival Mode]
[16Jan2025 00:07:04.864] [Server thread/INFO] [net.minecraft.server.MinecraftServer/]: [Not Secure] <iLG4> duro
[16Jan2025 00:07:10.109] [Server thread/INFO] [net.minecraft.server.MinecraftServer/]: [Not Secure] <iLG4> tirame dos cuchillos
[16Jan2025 00:07:11.164] [Server thread/INFO] [net.minecraft.server.MinecraftServer/]: [Not Secure] <iLG4> de esos
[16Jan2025 00:07:15.071] [Server thread/INFO] [net.minecraft.server.MinecraftServer/]: [Not Secure] <iLG4> dos na mas
[16Jan2025 00:07:24.325] [Server thread/INFO] [net.minecraft.server.MinecraftServer/]: [Not Secure] <iLG4> duro ese aim
[16Jan2025 00:07:30.587] [Server thread/INFO] [net.minecraft.server.MinecraftServer/]: [Not Secure] <[Duchess] yamazaki> no salen
[16Jan2025 00:07:31.079] [Server thread/INFO] [net.minecraft.server.MinecraftServer/]: [Not Secure] <iLG4> durp
[16Jan2025 00:07:32.596] [Server thread/INFO] [net.minecraft.server.MinecraftServer/]: [Not Secure] <iLG4> XD
[16Jan2025 00:07:47.758] [Server thread/INFO] [net.minecraft.server.MinecraftServer/]: [Not Secure] <iLG4> XD
[16Jan2025 00:07:48.862] [Server thread/INFO] [net.minecraft.server.MinecraftServer/]: [Not Secure] <[Duchess] yamazaki> onta
[16Jan2025 00:07:50.206] [Server thread/INFO] [net.minecraft.server.MinecraftServer/]: [Not Secure] <iLG4> verga
[16Jan2025 00:07:52.906] [Server thread/INFO] [net.minecraft.server.MinecraftServer/]: [Not Secure] <iLG4> me gaste un totem
[16Jan2025 00:08:02.364] [Server thread/INFO] [net.minecraft.server.MinecraftServer/]: [Not Secure] <[Duchess] yamazaki> veo la cabeza del rake
[16Jan2025 00:08:02.661] [Server thread/INFO] [net.minecraft.server.MinecraftServer/]: [Not Secure] <iLG4> un totem q cuando me matan me tepea al azar
[16Jan2025 00:08:04.409] [Server thread/INFO] [net.minecraft.server.MinecraftServer/]: [Not Secure] <[Duchess] yamazaki> dkra
[16Jan2025 00:08:06.992] [Server thread/INFO] [net.minecraft.server.MinecraftServer/]: [Not Secure] <iLG4> AAAAA SI
[16Jan2025 00:08:10.508] [Server thread/INFO] [net.minecraft.server.MinecraftServer/]: [Not Secure] <iLG4> ahi ta
[16Jan2025 00:08:11.884] [Server thread/INFO] [net.minecraft.server.MinecraftServer/]: [Not Secure] <iLG4> en el bote
[16Jan2025 00:08:19.820] [Server thread/INFO] [net.minecraft.server.MinecraftServer/]: [[Duchess] yamazaki: Set own game mode to Spectator Mode]
[16Jan2025 00:08:25.894] [Server thread/INFO] [net.minecraft.server.MinecraftServer/]: [[Duchess] yamazaki: Teleported [Duchess] yamazaki to iLG4]
[16Jan2025 00:08:28.676] [Server thread/INFO] [net.minecraft.server.MinecraftServer/]: [[Duchess] yamazaki: Set own game mode to Survival Mode]
[16Jan2025 00:08:32.781] [Server thread/INFO] [net.minecraft.server.MinecraftServer/]: [Not Secure] <iLG4> ya la topmase\
[16Jan2025 00:08:34.109] [Server thread/INFO] [net.minecraft.server.MinecraftServer/]: [Not Secure] <iLG4> epa
[16Jan2025 00:08:49.857] [Server thread/INFO] [net.minecraft.server.MinecraftServer/]: [Not Secure] <iLG4> ira
